<?xml version="1.0" encoding="UTF-8"?>
<!-- Generated by org.testng.reporters.JUnitXMLReporter -->
<testsuite hostname="sys" ignored="0" name="ChromeTest" tests="5" failures="0" timestamp="03 Sep 2018 20:50:31 GMT" time="2016.863" errors="0">
  <testcase name="storedemoqa" time="9.624" classname="com.qa.tests.NewStoreDemoTests"/>
  <testcase name="AccessoriesPageTest" time="9.406" classname="com.qa.tests.NewStoreDemoTests"/>
  <testcase name="CheckYourCartPage" time="1943.076" classname="com.qa.tests.NewStoreDemoTests"/>
  <testcase name="CheckOutInfoPageTest" time="25.552" classname="com.qa.tests.NewStoreDemoTests"/>
  <testcase name="CheckOutFinalPageTest" time="12.441" classname="com.qa.tests.NewStoreDemoTests"/>
</testsuite> <!-- ChromeTest -->
