<?xml version="1.0" encoding="UTF-8"?>
<testsuite xmlns:xsi="http://www.w3.org/2001/XMLSchema-instance" xsi:noNamespaceSchemaLocation="https://maven.apache.org/surefire/maven-surefire-plugin/xsd/surefire-test-report.xsd" name="TestSuite" time="108.712" tests="5" errors="0" skipped="0" failures="0">
  <properties>
[...]
</properties>
  <testcase name="storedemoqa" classname="com.qa.tests.NewStoreDemoTests" time="12.244"/>
  <testcase name="AccessoriesPageTest" classname="com.qa.tests.NewStoreDemoTests" time="9.929"/>
  <testcase name="CheckYourCartPage" classname="com.qa.tests.NewStoreDemoTests" time="7.429"/>
  <testcase name="CheckOutInfoPageTest" classname="com.qa.tests.NewStoreDemoTests" time="35.313"/>
  <testcase name="CheckOutFinalPageTest" classname="com.qa.tests.NewStoreDemoTests" time="12.638"/>
</testsuite>