<?xml version="1.0" encoding="UTF-8"?>
<!-- Generated by org.testng.reporters.JUnitXMLReporter -->
<testsuite hostname="sys" ignored="0" name="ChromeTest" tests="5" failures="0" timestamp="01 Sep 2018 20:49:40 GMT" time="136.42" errors="0">
  <testcase name="storedemoqa" time="16.876" classname="com.qa.tests.NewStoreDemoTests"/>
  <testcase name="AccessoriesPageTest" time="11.962" classname="com.qa.tests.NewStoreDemoTests"/>
  <testcase name="CheckYourCartPage" time="6.912" classname="com.qa.tests.NewStoreDemoTests"/>
  <testcase name="CheckOutInfoPageTest" time="22.335" classname="com.qa.tests.NewStoreDemoTests"/>
  <testcase name="CheckOutFinalPageTest" time="12.701" classname="com.qa.tests.NewStoreDemoTests"/>
</testsuite> <!-- ChromeTest -->
