<?xml version="1.0" encoding="UTF-8"?>
<!-- Generated by org.testng.reporters.JUnitXMLReporter -->
<testsuite hostname="sys" ignored="0" name="ChromeTest" tests="5" failures="0" timestamp="03 Sep 2018 19:51:53 GMT" time="76.677" errors="0">
  <testcase name="storedemoqa" time="10.208" classname="com.qa.tests.NewStoreDemoTests"/>
  <testcase name="AccessoriesPageTest" time="9.631" classname="com.qa.tests.NewStoreDemoTests"/>
  <testcase name="CheckYourCartPage" time="6.481" classname="com.qa.tests.NewStoreDemoTests"/>
  <testcase name="CheckOutInfoPageTest" time="16.312" classname="com.qa.tests.NewStoreDemoTests"/>
  <testcase name="CheckOutFinalPageTest" time="12.385" classname="com.qa.tests.NewStoreDemoTests"/>
</testsuite> <!-- ChromeTest -->
